<?xml version="1.0" encoding="UTF-8"?>
<Site BuildName="Win32-MSBuild"
	BuildStamp="20230105-1903-Experimental"
	Name="Philip"
	Generator="ctest-3.25.1"
	CompilerName="C:/Program Files/Microsoft Visual Studio/2022/Community/VC/Tools/MSVC/14.34.31933/bin/Hostx64/x64/cl.exe"
	CompilerVersion="19.34.31935.0"
	OSName="Windows"
	Hostname="Philip"
	OSRelease=" Personal"
	OSVersion=" (Build 19044)"
	OSPlatform="AMD64"
	Is64Bits="1"
	VendorString="AuthenticAMD"
	VendorID="Advanced Micro Devices"
	FamilyID="15"
	ModelID="1"
	ProcessorCacheSize="64"
	NumberOfLogicalCPU="16"
	NumberOfPhysicalCPU="8"
	TotalVirtualMemory="22201"
	TotalPhysicalMemory="16313"
	LogicalProcessorsPerPhysical="2"
	ProcessorClockFrequency="3600"
	>
	<Testing>
		<StartDateTime>Jan 05 20:03 Mitteleurop[NON-UTF-8-BYTE-0xE4]ische Zeit</StartDateTime>
		<StartTestTime>1672945405</StartTestTime>
		<TestList/>
		<EndDateTime>Jan 05 20:03 Mitteleurop[NON-UTF-8-BYTE-0xE4]ische Zeit</EndDateTime>
		<EndTestTime>1672945405</EndTestTime>
		<ElapsedMinutes>0</ElapsedMinutes>
	</Testing>
</Site>
